
ROM used:   803/8192 (10%)
            803/8192 (10%) including unused fragments

            0.9 Average locations per line
            9.1 Average locations per statement

RAM used:   14/368 (4%) at main() level
            34/368 (9%) worst case

Stack used: 6 worst case (6 in main + 0 for interrupts)
Stack size: 8

Lines Stmts  %   Files
----- ----- ---  -----
   24    11  12  PIC_1.c
  671     0   0  ..\..\..\..\..\..\Program Files (x86)\PICC\Devices\16F877a.h
  211    77  88  i2c_Flex_LCD.c
----- -----
  906    88 Total

Page ROM  %  RAM   Vol Diff  Functions:
---- --- --- ---   --- ----  ----------
0     20   2    1             @delay_ms1
0     92  11    1             @I2C_WRITE_1
0     10   1    1    63  2.3  lcd_backlight_led
0     84  10    3   574  5.9  i2c_send_nibble
0     82  10    3   149  2.8  lcd_send_byte
0     10   1    0    61  1.9  lcd_clear
0      8   1    0             @const647
0    128  16    5   902  5.8  lcd_init
0     55   7    7   681  8.0  lcd_gotoxy
0     37   5    1   310  5.9  LCD_PUTC
0     66   8    1   280  2.7  MAIN
0      9   1    0             @const664
0     88  11    4             @PSTRINGC7_658
0     21   3    3             @DIV88
0     89  11    6             @PRINTF_D_658
 Inline         0             @cinit1

Program metrics:
    Functions               8
    Statements              88
    Comments                204
    Volume (V)              4480
    Difficulty (D)          35.3
    Effort to implement (E) 158027
    Time to implement (T)   2 hours, 26 minutes
    Est Delivered Bugs (B)  1
    Cyclomatic Complexity   17
    Maintainability (MI)    149

 Segment     Used  Free
-----------  ----  ----
00000-00003     4  0  
00004-007FF   799  1245  
00800-00FFF     0  2048  
01000-017FF     0  2048  
01800-01FFF     0  2048  



